CRITICAL - 2024-11-17 12:39:00 --> Call to undefined function auth()
in APPPATH\Views\layouts\app.php on line 72.
 1 SYSTEMPATH\View\View.php(226): include()
 2 SYSTEMPATH\View\View.php(229): CodeIgniter\View\View->CodeIgniter\View\{closure}()
 3 SYSTEMPATH\View\View.php(242): CodeIgniter\View\View->render('layouts/app.php', [], true)
 4 SYSTEMPATH\Common.php(1188): CodeIgniter\View\View->render('home', [], true)
 5 APPPATH\Controllers\Home.php(17): view('home', [...])
 6 SYSTEMPATH\CodeIgniter.php(919): App\Controllers\Home->index()
 7 SYSTEMPATH\CodeIgniter.php(494): CodeIgniter\CodeIgniter->runController(Object(App\Controllers\Home))
 8 SYSTEMPATH\CodeIgniter.php(353): CodeIgniter\CodeIgniter->handleRequest(null, Object(Config\Cache), false)
 9 FCPATH\index.php(79): CodeIgniter\CodeIgniter->run()
10 SYSTEMPATH\Commands\Server\rewrite.php(47): require_once('C:\\xampp\\htdocs\\ci-homeland\\public\\index.php')
INFO - 2024-11-17 12:43:03 --> Session: Class initialized using 'CodeIgniter\Session\Handlers\FileHandler' driver.
CRITICAL - 2024-11-17 13:43:03 --> Class "Locale" not found
in SYSTEMPATH\CodeIgniter.php on line 214.
 1 FCPATH\index.php(67): CodeIgniter\CodeIgniter->initialize()
CRITICAL - 2024-11-17 13:43:03 --> Uncaught Error: Class "Locale" not found in C:\xampp\htdocs\ci-homeland\system\I18n\TimeTrait.php:74
Stack trace:
#0 C:\xampp\htdocs\ci-homeland\system\I18n\TimeTrait.php(115): CodeIgniter\I18n\Time->__construct(NULL, NULL, NULL)
#1 C:\xampp\htdocs\ci-homeland\system\HTTP\ResponseTrait.php(468): CodeIgniter\I18n\Time::now()
#2 C:\xampp\htdocs\ci-homeland\system\HTTP\ResponseTrait.php(446): CodeIgniter\HTTP\Response->sendHeaders()
#3 C:\xampp\htdocs\ci-homeland\system\Debug\ExceptionHandler.php(78): CodeIgniter\HTTP\Response->send()
#4 C:\xampp\htdocs\ci-homeland\system\Debug\Exceptions.php(146): CodeIgniter\Debug\ExceptionHandler->handle(Object(Error), Object(CodeIgniter\HTTP\IncomingRequest), Object(CodeIgniter\HTTP\Response), 500, 1)
#5 [internal function]: CodeIgniter\Debug\Exceptions->exceptionHandler(Object(Error))
#6 {main}
  thrown
【Previous Exception】
Error
Class "Locale" not found
#0 C:\xampp\htdocs\ci-homeland\index.php(67): CodeIgniter\CodeIgniter->initialize()
#1 {main}
in SYSTEMPATH\I18n\TimeTrait.php on line 74.
 1 [internal function]: CodeIgniter\Debug\Exceptions->shutdownHandler()
CRITICAL - 2024-11-17 13:43:06 --> Class "Locale" not found
in SYSTEMPATH\CodeIgniter.php on line 214.
 1 FCPATH\index.php(67): CodeIgniter\CodeIgniter->initialize()
CRITICAL - 2024-11-17 13:43:06 --> Uncaught Error: Class "Locale" not found in C:\xampp\htdocs\ci-homeland\system\Helpers\number_helper.php:136
Stack trace:
#0 C:\xampp\htdocs\ci-homeland\system\Helpers\number_helper.php(55): format_number(10.0, 2, NULL, Array)
#1 C:\xampp\htdocs\ci-homeland\system\Debug\BaseExceptionHandler.php(145): number_to_size(10.0, 2)
#2 C:\xampp\htdocs\ci-homeland\app\Views\errors\html\error_exception.php(360): CodeIgniter\Debug\BaseExceptionHandler::describeMemory(10485760)
#3 C:\xampp\htdocs\ci-homeland\system\Debug\BaseExceptionHandler.php(241): include('C:\\xampp\\htdocs...')
#4 C:\xampp\htdocs\ci-homeland\system\Debug\BaseExceptionHandler.php(244): CodeIgniter\Debug\BaseExceptionHandler->CodeIgniter\Debug\{closure}()
#5 C:\xampp\htdocs\ci-homeland\system\Debug\ExceptionHandler.php(109): CodeIgniter\Debug\BaseExceptionHandler->render(Object(Error), 500, 'C:\\xampp\\htdocs...')
#6 C:\xampp\htdocs\ci-homeland\system\Debug\Exceptions.php(146): CodeIgniter\Debug\ExceptionHandler->handle(Object(Error), Object(CodeIgniter\HTTP\IncomingRequest), Object(CodeIgniter\HTTP\Response), 500, 1)
#7 [internal function]: CodeIgniter\Debug\Exceptions->exceptionHandler(Object(Error))
#8 {main}
  thrown
【Previous Exception】
Error
Class "Locale" not found
#0 C:\xampp\htdocs\ci-homeland\index.php(67): CodeIgniter\CodeIgniter->initialize()
#1 {main}
in SYSTEMPATH\Helpers\number_helper.php on line 136.
 1 [internal function]: CodeIgniter\Debug\Exceptions->shutdownHandler()
INFO - 2024-11-17 12:47:19 --> Session: Class initialized using 'CodeIgniter\Session\Handlers\FileHandler' driver.
CRITICAL - 2024-11-17 12:47:22 --> Class "Locale" not found
in SYSTEMPATH\I18n\TimeTrait.php on line 74.
 1 SYSTEMPATH\I18n\TimeTrait.php(115): CodeIgniter\I18n\Time->__construct(null, null, null)
 2 SYSTEMPATH\Session\Session.php(192): CodeIgniter\I18n\Time::now()
 3 SYSTEMPATH\Config\Services.php(688): CodeIgniter\Session\Session->__construct(Object(CodeIgniter\Session\Handlers\FileHandler), Object(Config\Session))
 4 SYSTEMPATH\Config\BaseService.php(258): CodeIgniter\Config\Services::session(Object(Config\Session), false)
 5 SYSTEMPATH\Config\BaseService.php(199): CodeIgniter\Config\BaseService::__callStatic('session', [...])
 6 SYSTEMPATH\Config\Services.php(663): CodeIgniter\Config\BaseService::getSharedInstance('session', null)
 7 SYSTEMPATH\Config\BaseService.php(258): CodeIgniter\Config\Services::session()
 8 SYSTEMPATH\Common.php(996): CodeIgniter\Config\BaseService::__callStatic('session', [])
 9 FCPATH\vendor\codeigniter4\shield\src\Authentication\Authenticators\Session.php(685): session('user')
10 FCPATH\vendor\codeigniter4\shield\src\Authentication\Authenticators\Session.php(703): CodeIgniter\Shield\Authentication\Authenticators\Session->getSessionUserInfo()
11 FCPATH\vendor\codeigniter4\shield\src\Authentication\Authenticators\Session.php(390): CodeIgniter\Shield\Authentication\Authenticators\Session->getSessionUserKey('id')
12 FCPATH\vendor\codeigniter4\shield\src\Authentication\Authenticators\Session.php(374): CodeIgniter\Shield\Authentication\Authenticators\Session->checkUserState()
13 FCPATH\vendor\codeigniter4\shield\src\Auth.php(191): CodeIgniter\Shield\Authentication\Authenticators\Session->loggedIn()
14 FCPATH\vendor\codeigniter4\shield\src\Controllers\LoginController.php(33): CodeIgniter\Shield\Auth->__call('loggedIn', [])
15 SYSTEMPATH\CodeIgniter.php(922): CodeIgniter\Shield\Controllers\LoginController->loginView()
16 SYSTEMPATH\CodeIgniter.php(497): CodeIgniter\CodeIgniter->runController(Object(CodeIgniter\Shield\Controllers\LoginController))
17 SYSTEMPATH\CodeIgniter.php(356): CodeIgniter\CodeIgniter->handleRequest(null, Object(Config\Cache), false)
18 FCPATH\index.php(79): CodeIgniter\CodeIgniter->run()
CRITICAL - 2024-11-17 12:47:22 --> Uncaught Error: Class "Locale" not found in C:\xampp\htdocs\ci-homeland\system\Helpers\number_helper.php:136
Stack trace:
#0 C:\xampp\htdocs\ci-homeland\system\Helpers\number_helper.php(55): format_number(10.0, 2, NULL, Array)
#1 C:\xampp\htdocs\ci-homeland\system\Debug\BaseExceptionHandler.php(145): number_to_size(10.0, 2)
#2 C:\xampp\htdocs\ci-homeland\app\Views\errors\html\error_exception.php(360): CodeIgniter\Debug\BaseExceptionHandler::describeMemory(10485760)
#3 C:\xampp\htdocs\ci-homeland\system\Debug\BaseExceptionHandler.php(241): include('C:\\xampp\\htdocs...')
#4 C:\xampp\htdocs\ci-homeland\system\Debug\BaseExceptionHandler.php(244): CodeIgniter\Debug\BaseExceptionHandler->CodeIgniter\Debug\{closure}()
#5 C:\xampp\htdocs\ci-homeland\system\Debug\ExceptionHandler.php(109): CodeIgniter\Debug\BaseExceptionHandler->render(Object(Error), 500, 'C:\\xampp\\htdocs...')
#6 C:\xampp\htdocs\ci-homeland\system\Debug\Exceptions.php(146): CodeIgniter\Debug\ExceptionHandler->handle(Object(Error), Object(CodeIgniter\HTTP\IncomingRequest), Object(CodeIgniter\HTTP\Response), 500, 1)
#7 [internal function]: CodeIgniter\Debug\Exceptions->exceptionHandler(Object(Error))
#8 {main}
  thrown
【Previous Exception】
Error
Class "Locale" not found
#0 C:\xampp\htdocs\ci-homeland\system\I18n\TimeTrait.php(115): CodeIgniter\I18n\Time->__construct(NULL, NULL, NULL)
#1 C:\xampp\htdocs\ci-homeland\system\Session\Session.php(192): CodeIgniter\I18n\Time::now()
#2 C:\xampp\htdocs\ci-homeland\system\Config\Services.php(688): CodeIgniter\Session\Session->__construct(Object(CodeIgniter\Session\Handlers\FileHandler), Object(Config\Session))
#3 C:\xampp\htdocs\ci-homeland\system\Config\BaseService.php(258): CodeIgniter\Config\Services::session(Object(Config\Session), false)
#4 C:\xampp\htdocs\ci-homeland\system\Config\BaseService.php(199): CodeIgniter\Config\BaseService::__callStatic('session', Array)
#5 C:\xampp\htdocs\ci-homeland\system\Config\Services.php(663): CodeIgniter\Config\BaseService::getSharedInstance('session', NULL)
#6 C:\xampp\htdocs\ci-homeland\system\Config\BaseService.php(258): CodeIgniter\Config\Services::session()
#7 C:\xampp\htdocs\ci-homeland\system\Common.php(996): CodeIgniter\Config\BaseService::__callStatic('session', Array)
#8 C:\xampp\htdocs\ci-homeland\vendor\codeigniter4\shield\src\Authentication\Authenticators\Session.php(685): session('user')
#9 C:\xampp\htdocs\ci-homeland\vendor\codeigniter4\shield\src\Authentication\Authenticators\Session.php(703): CodeIgniter\Shield\Authentication\Authenticators\Session->getSessionUserInfo()
#10 C:\xampp\htdocs\ci-homeland\vendor\codeigniter4\shield\src\Authentication\Authenticators\Session.php(390): CodeIgniter\Shield\Authentication\Authenticators\Session->getSessionUserKey('id')
#11 C:\xampp\htdocs\ci-homeland\vendor\codeigniter4\shield\src\Authentication\Authenticators\Session.php(374): CodeIgniter\Shield\Authentication\Authenticators\Session->checkUserState()
#12 C:\xampp\htdocs\ci-homeland\vendor\codeigniter4\shield\src\Auth.php(191): CodeIgniter\Shield\Authentication\Authenticators\Session->loggedIn()
#13 C:\xampp\htdocs\ci-homeland\vendor\codeigniter4\shield\src\Controllers\LoginController.php(33): CodeIgniter\Shield\Auth->__call('loggedIn', Array)
#14 C:\xampp\htdocs\ci-homeland\system\CodeIgniter.php(922): CodeIgniter\Shield\Controllers\LoginController->loginView()
#15 C:\xampp\htdocs\ci-homeland\system\CodeIgniter.php(497): CodeIgniter\CodeIgniter->runController(Object(CodeIgniter\Shield\Controllers\LoginController))
#16 C:\xampp\htdocs\ci-homeland\system\CodeIgniter.php(356): CodeIgniter\CodeIgniter->handleRequest(NULL, Object(Config\Cache), false)
#17 C:\xampp\htdocs\ci-homeland\index.php(79): CodeIgniter\CodeIgniter->run()
#18 {main}
in SYSTEMPATH\Helpers\number_helper.php on line 136.
 1 [internal function]: CodeIgniter\Debug\Exceptions->shutdownHandler()
INFO - 2024-11-17 12:48:26 --> Session: Class initialized using 'CodeIgniter\Session\Handlers\FileHandler' driver.
INFO - 2024-11-17 12:48:27 --> Session: Class initialized using 'CodeIgniter\Session\Handlers\FileHandler' driver.
INFO - 2024-11-17 12:48:34 --> Session: Class initialized using 'CodeIgniter\Session\Handlers\FileHandler' driver.
INFO - 2024-11-17 12:48:35 --> Session: Class initialized using 'CodeIgniter\Session\Handlers\FileHandler' driver.
INFO - 2024-11-17 12:48:39 --> Session: Class initialized using 'CodeIgniter\Session\Handlers\FileHandler' driver.
INFO - 2024-11-17 12:48:39 --> Session: Class initialized using 'CodeIgniter\Session\Handlers\FileHandler' driver.
INFO - 2024-11-17 12:48:40 --> Session: Class initialized using 'CodeIgniter\Session\Handlers\FileHandler' driver.
INFO - 2024-11-17 12:48:45 --> Session: Class initialized using 'CodeIgniter\Session\Handlers\FileHandler' driver.
WARNING - 2024-11-17 12:48:45 --> [DEPRECATED] Creation of dynamic property App\Controllers\Admins\AdminsController::$db is deprecated in APPPATH\Controllers\Admins\AdminsController.php on line 17.
 1 SYSTEMPATH\CodeIgniter.php(894): App\Controllers\Admins\AdminsController->__construct()
 2 SYSTEMPATH\CodeIgniter.php(488): CodeIgniter\CodeIgniter->createController()
 3 SYSTEMPATH\CodeIgniter.php(356): CodeIgniter\CodeIgniter->handleRequest(null, Object(Config\Cache), false)
 4 FCPATH\index.php(79): CodeIgniter\CodeIgniter->run()
 5 SYSTEMPATH\Commands\Server\rewrite.php(47): require_once('C:\\xampp\\htdocs\\ci-homeland\\public\\index.php')
WARNING - 2024-11-17 12:48:52 --> [DEPRECATED] Creation of dynamic property App\Controllers\Admins\AdminsController::$db is deprecated in APPPATH\Controllers\Admins\AdminsController.php on line 17.
 1 SYSTEMPATH\CodeIgniter.php(894): App\Controllers\Admins\AdminsController->__construct()
 2 SYSTEMPATH\CodeIgniter.php(488): CodeIgniter\CodeIgniter->createController()
 3 SYSTEMPATH\CodeIgniter.php(356): CodeIgniter\CodeIgniter->handleRequest(null, Object(Config\Cache), false)
 4 FCPATH\index.php(79): CodeIgniter\CodeIgniter->run()
INFO - 2024-11-17 12:48:52 --> Session: Class initialized using 'CodeIgniter\Session\Handlers\FileHandler' driver.
INFO - 2024-11-17 12:48:53 --> Session: Class initialized using 'CodeIgniter\Session\Handlers\FileHandler' driver.
WARNING - 2024-11-17 12:48:53 --> [DEPRECATED] Creation of dynamic property App\Controllers\Admins\AdminsController::$db is deprecated in APPPATH\Controllers\Admins\AdminsController.php on line 17.
 1 SYSTEMPATH\CodeIgniter.php(894): App\Controllers\Admins\AdminsController->__construct()
 2 SYSTEMPATH\CodeIgniter.php(488): CodeIgniter\CodeIgniter->createController()
 3 SYSTEMPATH\CodeIgniter.php(356): CodeIgniter\CodeIgniter->handleRequest(null, Object(Config\Cache), false)
 4 FCPATH\index.php(79): CodeIgniter\CodeIgniter->run()
INFO - 2024-11-17 12:48:53 --> Session: Class initialized using 'CodeIgniter\Session\Handlers\FileHandler' driver.
WARNING - 2024-11-17 12:48:56 --> [DEPRECATED] Creation of dynamic property App\Controllers\Admins\AdminsController::$db is deprecated in APPPATH\Controllers\Admins\AdminsController.php on line 17.
 1 SYSTEMPATH\CodeIgniter.php(894): App\Controllers\Admins\AdminsController->__construct()
 2 SYSTEMPATH\CodeIgniter.php(488): CodeIgniter\CodeIgniter->createController()
 3 SYSTEMPATH\CodeIgniter.php(356): CodeIgniter\CodeIgniter->handleRequest(null, Object(Config\Cache), false)
 4 FCPATH\index.php(79): CodeIgniter\CodeIgniter->run()
INFO - 2024-11-17 12:48:56 --> Session: Class initialized using 'CodeIgniter\Session\Handlers\FileHandler' driver.
INFO - 2024-11-17 12:48:56 --> Session: Class initialized using 'CodeIgniter\Session\Handlers\FileHandler' driver.
WARNING - 2024-11-17 12:48:56 --> [DEPRECATED] Creation of dynamic property App\Controllers\Admins\AdminsController::$db is deprecated in APPPATH\Controllers\Admins\AdminsController.php on line 17.
 1 SYSTEMPATH\CodeIgniter.php(894): App\Controllers\Admins\AdminsController->__construct()
 2 SYSTEMPATH\CodeIgniter.php(488): CodeIgniter\CodeIgniter->createController()
 3 SYSTEMPATH\CodeIgniter.php(356): CodeIgniter\CodeIgniter->handleRequest(null, Object(Config\Cache), false)
 4 FCPATH\index.php(79): CodeIgniter\CodeIgniter->run()
INFO - 2024-11-17 12:48:57 --> Session: Class initialized using 'CodeIgniter\Session\Handlers\FileHandler' driver.
INFO - 2024-11-17 12:49:13 --> Session: Class initialized using 'CodeIgniter\Session\Handlers\FileHandler' driver.
INFO - 2024-11-17 12:49:13 --> Session: Class initialized using 'CodeIgniter\Session\Handlers\FileHandler' driver.
WARNING - 2024-11-17 12:52:00 --> [DEPRECATED] Creation of dynamic property App\Controllers\Admins\AdminsController::$db is deprecated in APPPATH\Controllers\Admins\AdminsController.php on line 17.
 1 SYSTEMPATH\CodeIgniter.php(894): App\Controllers\Admins\AdminsController->__construct()
 2 SYSTEMPATH\CodeIgniter.php(488): CodeIgniter\CodeIgniter->createController()
 3 SYSTEMPATH\CodeIgniter.php(356): CodeIgniter\CodeIgniter->handleRequest(null, Object(Config\Cache), false)
 4 FCPATH\index.php(79): CodeIgniter\CodeIgniter->run()
INFO - 2024-11-17 12:52:00 --> Session: Class initialized using 'CodeIgniter\Session\Handlers\FileHandler' driver.
INFO - 2024-11-17 12:52:01 --> Session: Class initialized using 'CodeIgniter\Session\Handlers\FileHandler' driver.
WARNING - 2024-11-17 12:52:01 --> [DEPRECATED] Creation of dynamic property App\Controllers\Admins\AdminsController::$db is deprecated in APPPATH\Controllers\Admins\AdminsController.php on line 17.
 1 SYSTEMPATH\CodeIgniter.php(894): App\Controllers\Admins\AdminsController->__construct()
 2 SYSTEMPATH\CodeIgniter.php(488): CodeIgniter\CodeIgniter->createController()
 3 SYSTEMPATH\CodeIgniter.php(356): CodeIgniter\CodeIgniter->handleRequest(null, Object(Config\Cache), false)
 4 FCPATH\index.php(79): CodeIgniter\CodeIgniter->run()
INFO - 2024-11-17 12:52:01 --> Session: Class initialized using 'CodeIgniter\Session\Handlers\FileHandler' driver.
WARNING - 2024-11-17 12:52:15 --> [DEPRECATED] Creation of dynamic property App\Controllers\Admins\AdminsController::$db is deprecated in APPPATH\Controllers\Admins\AdminsController.php on line 17.
 1 SYSTEMPATH\CodeIgniter.php(894): App\Controllers\Admins\AdminsController->__construct()
 2 SYSTEMPATH\CodeIgniter.php(488): CodeIgniter\CodeIgniter->createController()
 3 SYSTEMPATH\CodeIgniter.php(356): CodeIgniter\CodeIgniter->handleRequest(null, Object(Config\Cache), false)
 4 FCPATH\index.php(79): CodeIgniter\CodeIgniter->run()
INFO - 2024-11-17 12:52:15 --> Session: Class initialized using 'CodeIgniter\Session\Handlers\FileHandler' driver.
INFO - 2024-11-17 12:52:15 --> Session: Class initialized using 'CodeIgniter\Session\Handlers\FileHandler' driver.
WARNING - 2024-11-17 12:52:16 --> [DEPRECATED] Creation of dynamic property App\Controllers\Admins\AdminsController::$db is deprecated in APPPATH\Controllers\Admins\AdminsController.php on line 17.
 1 SYSTEMPATH\CodeIgniter.php(894): App\Controllers\Admins\AdminsController->__construct()
 2 SYSTEMPATH\CodeIgniter.php(488): CodeIgniter\CodeIgniter->createController()
 3 SYSTEMPATH\CodeIgniter.php(356): CodeIgniter\CodeIgniter->handleRequest(null, Object(Config\Cache), false)
 4 FCPATH\index.php(79): CodeIgniter\CodeIgniter->run()
INFO - 2024-11-17 12:52:16 --> Session: Class initialized using 'CodeIgniter\Session\Handlers\FileHandler' driver.
INFO - 2024-11-17 12:52:18 --> Session: Class initialized using 'CodeIgniter\Session\Handlers\FileHandler' driver.
WARNING - 2024-11-17 12:52:18 --> [DEPRECATED] Creation of dynamic property App\Controllers\Admins\AdminsController::$db is deprecated in APPPATH\Controllers\Admins\AdminsController.php on line 17.
 1 SYSTEMPATH\CodeIgniter.php(894): App\Controllers\Admins\AdminsController->__construct()
 2 SYSTEMPATH\CodeIgniter.php(488): CodeIgniter\CodeIgniter->createController()
 3 SYSTEMPATH\CodeIgniter.php(356): CodeIgniter\CodeIgniter->handleRequest(null, Object(Config\Cache), false)
 4 FCPATH\index.php(79): CodeIgniter\CodeIgniter->run()
INFO - 2024-11-17 12:52:18 --> Session: Class initialized using 'CodeIgniter\Session\Handlers\FileHandler' driver.
INFO - 2024-11-17 12:57:28 --> Session: Class initialized using 'CodeIgniter\Session\Handlers\FileHandler' driver.
INFO - 2024-11-17 12:57:31 --> Session: Class initialized using 'CodeIgniter\Session\Handlers\FileHandler' driver.
INFO - 2024-11-17 12:57:31 --> Session: Class initialized using 'CodeIgniter\Session\Handlers\FileHandler' driver.
INFO - 2024-11-17 12:57:34 --> Session: Class initialized using 'CodeIgniter\Session\Handlers\FileHandler' driver.
INFO - 2024-11-17 12:57:34 --> Session: Class initialized using 'CodeIgniter\Session\Handlers\FileHandler' driver.
INFO - 2024-11-17 12:57:35 --> Session: Class initialized using 'CodeIgniter\Session\Handlers\FileHandler' driver.
CRITICAL - 2024-11-17 12:57:41 --> Call to undefined function CodeIgniter\Shield\Controllers\setting()
in FCPATH\vendor\codeigniter4\shield\src\Controllers\MagicLinkController.php on line 47.
 1 SYSTEMPATH\CodeIgniter.php(894): CodeIgniter\Shield\Controllers\MagicLinkController->__construct()
 2 SYSTEMPATH\CodeIgniter.php(488): CodeIgniter\CodeIgniter->createController()
 3 SYSTEMPATH\CodeIgniter.php(356): CodeIgniter\CodeIgniter->handleRequest(null, Object(Config\Cache), false)
 4 FCPATH\index.php(79): CodeIgniter\CodeIgniter->run()
CRITICAL - 2024-11-17 12:57:41 --> Uncaught Error: Class "Locale" not found in C:\xampp\htdocs\ci-homeland\system\Helpers\number_helper.php:136
Stack trace:
#0 C:\xampp\htdocs\ci-homeland\system\Helpers\number_helper.php(55): format_number(8.0, 2, NULL, Array)
#1 C:\xampp\htdocs\ci-homeland\system\Debug\BaseExceptionHandler.php(145): number_to_size(8.0, 2)
#2 C:\xampp\htdocs\ci-homeland\app\Views\errors\html\error_exception.php(360): CodeIgniter\Debug\BaseExceptionHandler::describeMemory(8388608)
#3 C:\xampp\htdocs\ci-homeland\system\Debug\BaseExceptionHandler.php(241): include('C:\\xampp\\htdocs...')
#4 C:\xampp\htdocs\ci-homeland\system\Debug\BaseExceptionHandler.php(244): CodeIgniter\Debug\BaseExceptionHandler->CodeIgniter\Debug\{closure}()
#5 C:\xampp\htdocs\ci-homeland\system\Debug\ExceptionHandler.php(109): CodeIgniter\Debug\BaseExceptionHandler->render(Object(Error), 500, 'C:\\xampp\\htdocs...')
#6 C:\xampp\htdocs\ci-homeland\system\Debug\Exceptions.php(146): CodeIgniter\Debug\ExceptionHandler->handle(Object(Error), Object(CodeIgniter\HTTP\IncomingRequest), Object(CodeIgniter\HTTP\Response), 500, 1)
#7 [internal function]: CodeIgniter\Debug\Exceptions->exceptionHandler(Object(Error))
#8 {main}
  thrown
【Previous Exception】
Error
Call to undefined function CodeIgniter\Shield\Controllers\setting()
#0 C:\xampp\htdocs\ci-homeland\system\CodeIgniter.php(894): CodeIgniter\Shield\Controllers\MagicLinkController->__construct()
#1 C:\xampp\htdocs\ci-homeland\system\CodeIgniter.php(488): CodeIgniter\CodeIgniter->createController()
#2 C:\xampp\htdocs\ci-homeland\system\CodeIgniter.php(356): CodeIgniter\CodeIgniter->handleRequest(NULL, Object(Config\Cache), false)
#3 C:\xampp\htdocs\ci-homeland\index.php(79): CodeIgniter\CodeIgniter->run()
#4 {main}
in SYSTEMPATH\Helpers\number_helper.php on line 136.
 1 [internal function]: CodeIgniter\Debug\Exceptions->shutdownHandler()
INFO - 2024-11-17 12:57:43 --> Session: Class initialized using 'CodeIgniter\Session\Handlers\FileHandler' driver.
INFO - 2024-11-17 12:57:44 --> Session: Class initialized using 'CodeIgniter\Session\Handlers\FileHandler' driver.
INFO - 2024-11-17 12:57:47 --> Session: Class initialized using 'CodeIgniter\Session\Handlers\FileHandler' driver.
INFO - 2024-11-17 12:57:48 --> Session: Class initialized using 'CodeIgniter\Session\Handlers\FileHandler' driver.
INFO - 2024-11-17 12:58:13 --> Session: Class initialized using 'CodeIgniter\Session\Handlers\FileHandler' driver.
CRITICAL - 2024-11-17 12:58:14 --> Myth\Auth\Authentication\Passwords\PasswordValidator::check(): Argument #2 ($user) must be of type ?Myth\Auth\Entities\User, CodeIgniter\Shield\Entities\User given, called in C:\xampp\htdocs\ci-homeland\vendor\codeigniter4\shield\src\Authentication\Passwords\ValidationRules.php on line 55
in FCPATH\vendor\myth\auth\src\Authentication\Passwords\PasswordValidator.php on line 26.
 1 FCPATH\vendor\codeigniter4\shield\src\Authentication\Passwords\ValidationRules.php(55): Myth\Auth\Authentication\Passwords\PasswordValidator->check('test123', Object(CodeIgniter\Shield\Entities\User))
 2 SYSTEMPATH\Validation\Validation.php(309): CodeIgniter\Shield\Authentication\Passwords\ValidationRules->strong_password('test123', '', [...], null, 'password')
 3 SYSTEMPATH\Validation\Validation.php(195): CodeIgniter\Validation\Validation->processRules('password', 'Auth.password', 'test123', [...], [...])
 4 SYSTEMPATH\Controller.php(165): CodeIgniter\Validation\Validation->run([...], null, null)
 5 FCPATH\vendor\codeigniter4\shield\src\Controllers\RegisterController.php(100): CodeIgniter\Controller->validateData([...], [...], [], null)
 6 SYSTEMPATH\CodeIgniter.php(922): CodeIgniter\Shield\Controllers\RegisterController->registerAction()
 7 SYSTEMPATH\CodeIgniter.php(497): CodeIgniter\CodeIgniter->runController(Object(CodeIgniter\Shield\Controllers\RegisterController))
 8 SYSTEMPATH\CodeIgniter.php(356): CodeIgniter\CodeIgniter->handleRequest(null, Object(Config\Cache), false)
 9 FCPATH\index.php(79): CodeIgniter\CodeIgniter->run()
CRITICAL - 2024-11-17 12:58:14 --> Uncaught Error: Class "Locale" not found in C:\xampp\htdocs\ci-homeland\system\Helpers\number_helper.php:136
Stack trace:
#0 C:\xampp\htdocs\ci-homeland\system\Helpers\number_helper.php(55): format_number(12.0, 2, NULL, Array)
#1 C:\xampp\htdocs\ci-homeland\system\Debug\BaseExceptionHandler.php(145): number_to_size(12.0, 2)
#2 C:\xampp\htdocs\ci-homeland\app\Views\errors\html\error_exception.php(360): CodeIgniter\Debug\BaseExceptionHandler::describeMemory(12582912)
#3 C:\xampp\htdocs\ci-homeland\system\Debug\BaseExceptionHandler.php(241): include('C:\\xampp\\htdocs...')
#4 C:\xampp\htdocs\ci-homeland\system\Debug\BaseExceptionHandler.php(244): CodeIgniter\Debug\BaseExceptionHandler->CodeIgniter\Debug\{closure}()
#5 C:\xampp\htdocs\ci-homeland\system\Debug\ExceptionHandler.php(109): CodeIgniter\Debug\BaseExceptionHandler->render(Object(TypeError), 500, 'C:\\xampp\\htdocs...')
#6 C:\xampp\htdocs\ci-homeland\system\Debug\Exceptions.php(146): CodeIgniter\Debug\ExceptionHandler->handle(Object(TypeError), Object(CodeIgniter\HTTP\IncomingRequest), Object(CodeIgniter\HTTP\Response), 500, 1)
#7 [internal function]: CodeIgniter\Debug\Exceptions->exceptionHandler(Object(TypeError))
#8 {main}
  thrown
【Previous Exception】
TypeError
Myth\Auth\Authentication\Passwords\PasswordValidator::check(): Argument #2 ($user) must be of type ?Myth\Auth\Entities\User, CodeIgniter\Shield\Entities\User given, called in C:\xampp\htdocs\ci-homeland\vendor\codeigniter4\shield\src\Authentication\Passwords\ValidationRules.php on line 55
#0 C:\xampp\htdocs\ci-homeland\vendor\codeigniter4\shield\src\Authentication\Passwords\ValidationRules.php(55): Myth\Auth\Authentication\Passwords\PasswordValidator->check('test123', Object(CodeIgniter\Shield\Entities\User))
#1 C:\xampp\htdocs\ci-homeland\system\Validation\Validation.php(309): CodeIgniter\Shield\Authentication\Passwords\ValidationRules->strong_password('test123', '', Array, NULL, 'password')
#2 C:\xampp\htdocs\ci-homeland\system\Validation\Validation.php(195): CodeIgniter\Validation\Validation->processRules('password', 'Auth.password', 'test123', Array, Array)
#3 C:\xampp\htdocs\ci-homeland\system\Controller.php(165): CodeIgniter\Validation\Validation->run(Array, NULL, NULL)
#4 C:\xampp\htdocs\ci-homeland\vendor\codeigniter4\shield\src\Controllers\RegisterController.php(100): CodeIgniter\Controller->validateData(Array, Array, Array, NULL)
#5 C:\xampp\htdocs\ci-homeland\system\CodeIgniter.php(922): CodeIgniter\Shield\Controllers\RegisterController->registerAction()
#6 C:\xampp\htdocs\ci-homeland\system\CodeIgniter.php(497): CodeIgniter\CodeIgniter->runController(Object(CodeIgniter\Shield\Controllers\RegisterController))
#7 C:\xampp\htdocs\ci-homeland\system\CodeIgniter.php(356): CodeIgniter\CodeIgniter->handleRequest(NULL, Object(Config\Cache), false)
#8 C:\xampp\htdocs\ci-homeland\index.php(79): CodeIgniter\CodeIgniter->run()
#9 {main}
in SYSTEMPATH\Helpers\number_helper.php on line 136.
 1 [internal function]: CodeIgniter\Debug\Exceptions->shutdownHandler()
INFO - 2024-11-17 12:58:21 --> Session: Class initialized using 'CodeIgniter\Session\Handlers\FileHandler' driver.
WARNING - 2024-11-17 12:58:21 --> [DEPRECATED] Creation of dynamic property App\Controllers\Admins\AdminsController::$db is deprecated in APPPATH\Controllers\Admins\AdminsController.php on line 17.
 1 SYSTEMPATH\CodeIgniter.php(894): App\Controllers\Admins\AdminsController->__construct()
 2 SYSTEMPATH\CodeIgniter.php(488): CodeIgniter\CodeIgniter->createController()
 3 SYSTEMPATH\CodeIgniter.php(356): CodeIgniter\CodeIgniter->handleRequest(null, Object(Config\Cache), false)
 4 FCPATH\index.php(79): CodeIgniter\CodeIgniter->run()
INFO - 2024-11-17 12:58:21 --> Session: Class initialized using 'CodeIgniter\Session\Handlers\FileHandler' driver.
INFO - 2024-11-17 12:59:52 --> Session: Class initialized using 'CodeIgniter\Session\Handlers\FileHandler' driver.
INFO - 2024-11-17 12:59:54 --> Session: Class initialized using 'CodeIgniter\Session\Handlers\FileHandler' driver.
INFO - 2024-11-17 12:59:57 --> Session: Class initialized using 'CodeIgniter\Session\Handlers\FileHandler' driver.
INFO - 2024-11-17 13:01:38 --> Session: Class initialized using 'CodeIgniter\Session\Handlers\FileHandler' driver.
WARNING - 2024-11-17 13:01:45 --> [DEPRECATED] Creation of dynamic property App\Controllers\Admins\AdminsController::$db is deprecated in APPPATH\Controllers\Admins\AdminsController.php on line 17.
 1 SYSTEMPATH\CodeIgniter.php(894): App\Controllers\Admins\AdminsController->__construct()
 2 SYSTEMPATH\CodeIgniter.php(488): CodeIgniter\CodeIgniter->createController()
 3 SYSTEMPATH\CodeIgniter.php(356): CodeIgniter\CodeIgniter->handleRequest(null, Object(Config\Cache), false)
 4 FCPATH\index.php(79): CodeIgniter\CodeIgniter->run()
 5 SYSTEMPATH\Commands\Server\rewrite.php(47): require_once('C:\\xampp\\htdocs\\ci-homeland\\public\\index.php')
INFO - 2024-11-17 13:01:45 --> Session: Class initialized using 'CodeIgniter\Session\Handlers\FileHandler' driver.
WARNING - 2024-11-17 13:01:51 --> [DEPRECATED] Creation of dynamic property App\Controllers\Admins\AdminsController::$db is deprecated in APPPATH\Controllers\Admins\AdminsController.php on line 17.
 1 SYSTEMPATH\CodeIgniter.php(894): App\Controllers\Admins\AdminsController->__construct()
 2 SYSTEMPATH\CodeIgniter.php(488): CodeIgniter\CodeIgniter->createController()
 3 SYSTEMPATH\CodeIgniter.php(356): CodeIgniter\CodeIgniter->handleRequest(null, Object(Config\Cache), false)
 4 FCPATH\index.php(79): CodeIgniter\CodeIgniter->run()
INFO - 2024-11-17 13:01:51 --> Session: Class initialized using 'CodeIgniter\Session\Handlers\FileHandler' driver.
WARNING - 2024-11-17 13:01:52 --> [DEPRECATED] Creation of dynamic property App\Controllers\Admins\AdminsController::$db is deprecated in APPPATH\Controllers\Admins\AdminsController.php on line 17.
 1 SYSTEMPATH\CodeIgniter.php(894): App\Controllers\Admins\AdminsController->__construct()
 2 SYSTEMPATH\CodeIgniter.php(488): CodeIgniter\CodeIgniter->createController()
 3 SYSTEMPATH\CodeIgniter.php(356): CodeIgniter\CodeIgniter->handleRequest(null, Object(Config\Cache), false)
 4 FCPATH\index.php(79): CodeIgniter\CodeIgniter->run()
INFO - 2024-11-17 13:01:52 --> Session: Class initialized using 'CodeIgniter\Session\Handlers\FileHandler' driver.
INFO - 2024-11-17 13:01:52 --> Session: Class initialized using 'CodeIgniter\Session\Handlers\FileHandler' driver.
WARNING - 2024-11-17 13:02:01 --> [DEPRECATED] Creation of dynamic property App\Controllers\Admins\AdminsController::$db is deprecated in APPPATH\Controllers\Admins\AdminsController.php on line 17.
 1 SYSTEMPATH\CodeIgniter.php(894): App\Controllers\Admins\AdminsController->__construct()
 2 SYSTEMPATH\CodeIgniter.php(488): CodeIgniter\CodeIgniter->createController()
 3 SYSTEMPATH\CodeIgniter.php(356): CodeIgniter\CodeIgniter->handleRequest(null, Object(Config\Cache), false)
 4 FCPATH\index.php(79): CodeIgniter\CodeIgniter->run()
INFO - 2024-11-17 13:02:01 --> Session: Class initialized using 'CodeIgniter\Session\Handlers\FileHandler' driver.
INFO - 2024-11-17 13:02:01 --> Session: Class initialized using 'CodeIgniter\Session\Handlers\FileHandler' driver.
WARNING - 2024-11-17 13:02:27 --> [DEPRECATED] Creation of dynamic property App\Controllers\Admins\AdminsController::$db is deprecated in APPPATH\Controllers\Admins\AdminsController.php on line 17.
 1 SYSTEMPATH\CodeIgniter.php(894): App\Controllers\Admins\AdminsController->__construct()
 2 SYSTEMPATH\CodeIgniter.php(488): CodeIgniter\CodeIgniter->createController()
 3 SYSTEMPATH\CodeIgniter.php(356): CodeIgniter\CodeIgniter->handleRequest(null, Object(Config\Cache), false)
 4 FCPATH\index.php(79): CodeIgniter\CodeIgniter->run()
INFO - 2024-11-17 13:02:27 --> Session: Class initialized using 'CodeIgniter\Session\Handlers\FileHandler' driver.
WARNING - 2024-11-17 13:02:28 --> [DEPRECATED] Creation of dynamic property App\Controllers\Admins\AdminsController::$db is deprecated in APPPATH\Controllers\Admins\AdminsController.php on line 17.
 1 SYSTEMPATH\CodeIgniter.php(894): App\Controllers\Admins\AdminsController->__construct()
 2 SYSTEMPATH\CodeIgniter.php(488): CodeIgniter\CodeIgniter->createController()
 3 SYSTEMPATH\CodeIgniter.php(356): CodeIgniter\CodeIgniter->handleRequest(null, Object(Config\Cache), false)
 4 FCPATH\index.php(79): CodeIgniter\CodeIgniter->run()
INFO - 2024-11-17 13:02:28 --> Session: Class initialized using 'CodeIgniter\Session\Handlers\FileHandler' driver.
INFO - 2024-11-17 13:02:28 --> Session: Class initialized using 'CodeIgniter\Session\Handlers\FileHandler' driver.
WARNING - 2024-11-17 13:02:51 --> [DEPRECATED] Creation of dynamic property App\Controllers\Admins\AdminsController::$db is deprecated in APPPATH\Controllers\Admins\AdminsController.php on line 17.
 1 SYSTEMPATH\CodeIgniter.php(894): App\Controllers\Admins\AdminsController->__construct()
 2 SYSTEMPATH\CodeIgniter.php(488): CodeIgniter\CodeIgniter->createController()
 3 SYSTEMPATH\CodeIgniter.php(356): CodeIgniter\CodeIgniter->handleRequest(null, Object(Config\Cache), false)
 4 FCPATH\index.php(79): CodeIgniter\CodeIgniter->run()
INFO - 2024-11-17 13:02:51 --> Session: Class initialized using 'CodeIgniter\Session\Handlers\FileHandler' driver.
WARNING - 2024-11-17 13:02:51 --> [DEPRECATED] Creation of dynamic property App\Controllers\Admins\AdminsController::$db is deprecated in APPPATH\Controllers\Admins\AdminsController.php on line 17.
 1 SYSTEMPATH\CodeIgniter.php(894): App\Controllers\Admins\AdminsController->__construct()
 2 SYSTEMPATH\CodeIgniter.php(488): CodeIgniter\CodeIgniter->createController()
 3 SYSTEMPATH\CodeIgniter.php(356): CodeIgniter\CodeIgniter->handleRequest(null, Object(Config\Cache), false)
 4 FCPATH\index.php(79): CodeIgniter\CodeIgniter->run()
INFO - 2024-11-17 13:02:51 --> Session: Class initialized using 'CodeIgniter\Session\Handlers\FileHandler' driver.
INFO - 2024-11-17 13:02:52 --> Session: Class initialized using 'CodeIgniter\Session\Handlers\FileHandler' driver.
WARNING - 2024-11-17 13:02:59 --> [DEPRECATED] Creation of dynamic property App\Controllers\Admins\AdminsController::$db is deprecated in APPPATH\Controllers\Admins\AdminsController.php on line 17.
 1 SYSTEMPATH\CodeIgniter.php(894): App\Controllers\Admins\AdminsController->__construct()
 2 SYSTEMPATH\CodeIgniter.php(488): CodeIgniter\CodeIgniter->createController()
 3 SYSTEMPATH\CodeIgniter.php(356): CodeIgniter\CodeIgniter->handleRequest(null, Object(Config\Cache), false)
 4 FCPATH\index.php(79): CodeIgniter\CodeIgniter->run()
INFO - 2024-11-17 13:02:59 --> Session: Class initialized using 'CodeIgniter\Session\Handlers\FileHandler' driver.
INFO - 2024-11-17 13:02:59 --> Session: Class initialized using 'CodeIgniter\Session\Handlers\FileHandler' driver.
INFO - 2024-11-17 13:03:03 --> Session: Class initialized using 'CodeIgniter\Session\Handlers\FileHandler' driver.
WARNING - 2024-11-17 13:03:04 --> [DEPRECATED] Creation of dynamic property App\Controllers\Admins\AdminsController::$db is deprecated in APPPATH\Controllers\Admins\AdminsController.php on line 17.
 1 SYSTEMPATH\CodeIgniter.php(894): App\Controllers\Admins\AdminsController->__construct()
 2 SYSTEMPATH\CodeIgniter.php(488): CodeIgniter\CodeIgniter->createController()
 3 SYSTEMPATH\CodeIgniter.php(356): CodeIgniter\CodeIgniter->handleRequest(null, Object(Config\Cache), false)
 4 FCPATH\index.php(79): CodeIgniter\CodeIgniter->run()
INFO - 2024-11-17 13:03:04 --> Session: Class initialized using 'CodeIgniter\Session\Handlers\FileHandler' driver.
INFO - 2024-11-17 13:03:04 --> Session: Class initialized using 'CodeIgniter\Session\Handlers\FileHandler' driver.
WARNING - 2024-11-17 13:03:09 --> [DEPRECATED] Creation of dynamic property App\Controllers\Admins\AdminsController::$db is deprecated in APPPATH\Controllers\Admins\AdminsController.php on line 17.
 1 SYSTEMPATH\CodeIgniter.php(894): App\Controllers\Admins\AdminsController->__construct()
 2 SYSTEMPATH\CodeIgniter.php(488): CodeIgniter\CodeIgniter->createController()
 3 SYSTEMPATH\CodeIgniter.php(356): CodeIgniter\CodeIgniter->handleRequest(null, Object(Config\Cache), false)
 4 FCPATH\index.php(79): CodeIgniter\CodeIgniter->run()
INFO - 2024-11-17 13:03:09 --> Session: Class initialized using 'CodeIgniter\Session\Handlers\FileHandler' driver.
INFO - 2024-11-17 13:03:10 --> Session: Class initialized using 'CodeIgniter\Session\Handlers\FileHandler' driver.
WARNING - 2024-11-17 13:03:11 --> [DEPRECATED] Creation of dynamic property App\Controllers\Admins\AdminsController::$db is deprecated in APPPATH\Controllers\Admins\AdminsController.php on line 17.
 1 SYSTEMPATH\CodeIgniter.php(894): App\Controllers\Admins\AdminsController->__construct()
 2 SYSTEMPATH\CodeIgniter.php(488): CodeIgniter\CodeIgniter->createController()
 3 SYSTEMPATH\CodeIgniter.php(356): CodeIgniter\CodeIgniter->handleRequest(null, Object(Config\Cache), false)
 4 FCPATH\index.php(79): CodeIgniter\CodeIgniter->run()
INFO - 2024-11-17 13:03:11 --> Session: Class initialized using 'CodeIgniter\Session\Handlers\FileHandler' driver.
INFO - 2024-11-17 13:03:11 --> Session: Class initialized using 'CodeIgniter\Session\Handlers\FileHandler' driver.
INFO - 2024-11-17 13:03:15 --> Session: Class initialized using 'CodeIgniter\Session\Handlers\FileHandler' driver.
WARNING - 2024-11-17 13:03:15 --> [DEPRECATED] Creation of dynamic property App\Controllers\Admins\AdminsController::$db is deprecated in APPPATH\Controllers\Admins\AdminsController.php on line 17.
 1 SYSTEMPATH\CodeIgniter.php(894): App\Controllers\Admins\AdminsController->__construct()
 2 SYSTEMPATH\CodeIgniter.php(488): CodeIgniter\CodeIgniter->createController()
 3 SYSTEMPATH\CodeIgniter.php(356): CodeIgniter\CodeIgniter->handleRequest(null, Object(Config\Cache), false)
 4 FCPATH\index.php(79): CodeIgniter\CodeIgniter->run()
INFO - 2024-11-17 13:03:15 --> Session: Class initialized using 'CodeIgniter\Session\Handlers\FileHandler' driver.
INFO - 2024-11-17 13:03:16 --> Session: Class initialized using 'CodeIgniter\Session\Handlers\FileHandler' driver.
WARNING - 2024-11-17 13:05:42 --> [DEPRECATED] Creation of dynamic property App\Controllers\Admins\AdminsController::$db is deprecated in APPPATH\Controllers\Admins\AdminsController.php on line 17.
 1 SYSTEMPATH\CodeIgniter.php(894): App\Controllers\Admins\AdminsController->__construct()
 2 SYSTEMPATH\CodeIgniter.php(488): CodeIgniter\CodeIgniter->createController()
 3 SYSTEMPATH\CodeIgniter.php(356): CodeIgniter\CodeIgniter->handleRequest(null, Object(Config\Cache), false)
 4 FCPATH\index.php(79): CodeIgniter\CodeIgniter->run()
INFO - 2024-11-17 13:05:42 --> Session: Class initialized using 'CodeIgniter\Session\Handlers\FileHandler' driver.
INFO - 2024-11-17 13:05:43 --> Session: Class initialized using 'CodeIgniter\Session\Handlers\FileHandler' driver.
WARNING - 2024-11-17 13:06:03 --> [DEPRECATED] Creation of dynamic property App\Controllers\Admins\AdminsController::$db is deprecated in APPPATH\Controllers\Admins\AdminsController.php on line 17.
 1 SYSTEMPATH\CodeIgniter.php(894): App\Controllers\Admins\AdminsController->__construct()
 2 SYSTEMPATH\CodeIgniter.php(488): CodeIgniter\CodeIgniter->createController()
 3 SYSTEMPATH\CodeIgniter.php(356): CodeIgniter\CodeIgniter->handleRequest(null, Object(Config\Cache), false)
 4 FCPATH\index.php(79): CodeIgniter\CodeIgniter->run()
INFO - 2024-11-17 13:06:03 --> Session: Class initialized using 'CodeIgniter\Session\Handlers\FileHandler' driver.
WARNING - 2024-11-17 13:06:03 --> [DEPRECATED] Creation of dynamic property App\Controllers\Admins\AdminsController::$db is deprecated in APPPATH\Controllers\Admins\AdminsController.php on line 17.
 1 SYSTEMPATH\CodeIgniter.php(894): App\Controllers\Admins\AdminsController->__construct()
 2 SYSTEMPATH\CodeIgniter.php(488): CodeIgniter\CodeIgniter->createController()
 3 SYSTEMPATH\CodeIgniter.php(356): CodeIgniter\CodeIgniter->handleRequest(null, Object(Config\Cache), false)
 4 FCPATH\index.php(79): CodeIgniter\CodeIgniter->run()
INFO - 2024-11-17 13:06:04 --> Session: Class initialized using 'CodeIgniter\Session\Handlers\FileHandler' driver.
INFO - 2024-11-17 13:06:04 --> Session: Class initialized using 'CodeIgniter\Session\Handlers\FileHandler' driver.
WARNING - 2024-11-17 13:07:15 --> [DEPRECATED] Creation of dynamic property App\Controllers\Admins\AdminsController::$db is deprecated in APPPATH\Controllers\Admins\AdminsController.php on line 17.
 1 SYSTEMPATH\CodeIgniter.php(894): App\Controllers\Admins\AdminsController->__construct()
 2 SYSTEMPATH\CodeIgniter.php(488): CodeIgniter\CodeIgniter->createController()
 3 SYSTEMPATH\CodeIgniter.php(356): CodeIgniter\CodeIgniter->handleRequest(null, Object(Config\Cache), false)
 4 FCPATH\index.php(79): CodeIgniter\CodeIgniter->run()
INFO - 2024-11-17 13:07:15 --> Session: Class initialized using 'CodeIgniter\Session\Handlers\FileHandler' driver.
INFO - 2024-11-17 13:07:15 --> Session: Class initialized using 'CodeIgniter\Session\Handlers\FileHandler' driver.
WARNING - 2024-11-17 13:11:55 --> [DEPRECATED] Creation of dynamic property App\Controllers\Admins\AdminsController::$db is deprecated in APPPATH\Controllers\Admins\AdminsController.php on line 17.
 1 SYSTEMPATH\CodeIgniter.php(894): App\Controllers\Admins\AdminsController->__construct()
 2 SYSTEMPATH\CodeIgniter.php(488): CodeIgniter\CodeIgniter->createController()
 3 SYSTEMPATH\CodeIgniter.php(356): CodeIgniter\CodeIgniter->handleRequest(null, Object(Config\Cache), false)
 4 FCPATH\index.php(79): CodeIgniter\CodeIgniter->run()
INFO - 2024-11-17 13:11:55 --> Session: Class initialized using 'CodeIgniter\Session\Handlers\FileHandler' driver.
INFO - 2024-11-17 13:11:56 --> Session: Class initialized using 'CodeIgniter\Session\Handlers\FileHandler' driver.
WARNING - 2024-11-17 13:13:29 --> [DEPRECATED] Creation of dynamic property App\Controllers\Admins\AdminsController::$db is deprecated in APPPATH\Controllers\Admins\AdminsController.php on line 17.
 1 SYSTEMPATH\CodeIgniter.php(894): App\Controllers\Admins\AdminsController->__construct()
 2 SYSTEMPATH\CodeIgniter.php(488): CodeIgniter\CodeIgniter->createController()
 3 SYSTEMPATH\CodeIgniter.php(356): CodeIgniter\CodeIgniter->handleRequest(null, Object(Config\Cache), false)
 4 FCPATH\index.php(79): CodeIgniter\CodeIgniter->run()
INFO - 2024-11-17 13:13:29 --> Session: Class initialized using 'CodeIgniter\Session\Handlers\FileHandler' driver.
INFO - 2024-11-17 13:13:30 --> Session: Class initialized using 'CodeIgniter\Session\Handlers\FileHandler' driver.
WARNING - 2024-11-17 13:15:10 --> [DEPRECATED] Creation of dynamic property App\Controllers\Admins\AdminsController::$db is deprecated in APPPATH\Controllers\Admins\AdminsController.php on line 17.
 1 SYSTEMPATH\CodeIgniter.php(894): App\Controllers\Admins\AdminsController->__construct()
 2 SYSTEMPATH\CodeIgniter.php(488): CodeIgniter\CodeIgniter->createController()
 3 SYSTEMPATH\CodeIgniter.php(356): CodeIgniter\CodeIgniter->handleRequest(null, Object(Config\Cache), false)
 4 FCPATH\index.php(79): CodeIgniter\CodeIgniter->run()
INFO - 2024-11-17 13:15:10 --> Session: Class initialized using 'CodeIgniter\Session\Handlers\FileHandler' driver.
INFO - 2024-11-17 13:15:10 --> Session: Class initialized using 'CodeIgniter\Session\Handlers\FileHandler' driver.
WARNING - 2024-11-17 13:15:26 --> [DEPRECATED] Creation of dynamic property App\Controllers\Admins\AdminsController::$db is deprecated in APPPATH\Controllers\Admins\AdminsController.php on line 17.
 1 SYSTEMPATH\CodeIgniter.php(894): App\Controllers\Admins\AdminsController->__construct()
 2 SYSTEMPATH\CodeIgniter.php(488): CodeIgniter\CodeIgniter->createController()
 3 SYSTEMPATH\CodeIgniter.php(356): CodeIgniter\CodeIgniter->handleRequest(null, Object(Config\Cache), false)
 4 FCPATH\index.php(79): CodeIgniter\CodeIgniter->run()
INFO - 2024-11-17 13:15:26 --> Session: Class initialized using 'CodeIgniter\Session\Handlers\FileHandler' driver.
INFO - 2024-11-17 13:15:26 --> Session: Class initialized using 'CodeIgniter\Session\Handlers\FileHandler' driver.
WARNING - 2024-11-17 13:16:34 --> [DEPRECATED] Creation of dynamic property App\Controllers\Admins\AdminsController::$db is deprecated in APPPATH\Controllers\Admins\AdminsController.php on line 17.
 1 SYSTEMPATH\CodeIgniter.php(894): App\Controllers\Admins\AdminsController->__construct()
 2 SYSTEMPATH\CodeIgniter.php(488): CodeIgniter\CodeIgniter->createController()
 3 SYSTEMPATH\CodeIgniter.php(356): CodeIgniter\CodeIgniter->handleRequest(null, Object(Config\Cache), false)
 4 FCPATH\index.php(79): CodeIgniter\CodeIgniter->run()
INFO - 2024-11-17 13:16:34 --> Session: Class initialized using 'CodeIgniter\Session\Handlers\FileHandler' driver.
INFO - 2024-11-17 13:16:35 --> Session: Class initialized using 'CodeIgniter\Session\Handlers\FileHandler' driver.
WARNING - 2024-11-17 13:16:40 --> [DEPRECATED] Creation of dynamic property App\Controllers\Admins\AdminsController::$db is deprecated in APPPATH\Controllers\Admins\AdminsController.php on line 17.
 1 SYSTEMPATH\CodeIgniter.php(894): App\Controllers\Admins\AdminsController->__construct()
 2 SYSTEMPATH\CodeIgniter.php(488): CodeIgniter\CodeIgniter->createController()
 3 SYSTEMPATH\CodeIgniter.php(356): CodeIgniter\CodeIgniter->handleRequest(null, Object(Config\Cache), false)
 4 FCPATH\index.php(79): CodeIgniter\CodeIgniter->run()
INFO - 2024-11-17 13:16:40 --> Session: Class initialized using 'CodeIgniter\Session\Handlers\FileHandler' driver.
WARNING - 2024-11-17 13:16:40 --> [DEPRECATED] Creation of dynamic property App\Controllers\Admins\AdminsController::$db is deprecated in APPPATH\Controllers\Admins\AdminsController.php on line 17.
 1 SYSTEMPATH\CodeIgniter.php(894): App\Controllers\Admins\AdminsController->__construct()
 2 SYSTEMPATH\CodeIgniter.php(488): CodeIgniter\CodeIgniter->createController()
 3 SYSTEMPATH\CodeIgniter.php(356): CodeIgniter\CodeIgniter->handleRequest(null, Object(Config\Cache), false)
 4 FCPATH\index.php(79): CodeIgniter\CodeIgniter->run()
INFO - 2024-11-17 13:16:40 --> Session: Class initialized using 'CodeIgniter\Session\Handlers\FileHandler' driver.
INFO - 2024-11-17 13:16:41 --> Session: Class initialized using 'CodeIgniter\Session\Handlers\FileHandler' driver.
WARNING - 2024-11-17 13:17:08 --> [DEPRECATED] Creation of dynamic property App\Controllers\Admins\AdminsController::$db is deprecated in APPPATH\Controllers\Admins\AdminsController.php on line 17.
 1 SYSTEMPATH\CodeIgniter.php(894): App\Controllers\Admins\AdminsController->__construct()
 2 SYSTEMPATH\CodeIgniter.php(488): CodeIgniter\CodeIgniter->createController()
 3 SYSTEMPATH\CodeIgniter.php(356): CodeIgniter\CodeIgniter->handleRequest(null, Object(Config\Cache), false)
 4 FCPATH\index.php(79): CodeIgniter\CodeIgniter->run()
INFO - 2024-11-17 13:17:08 --> Session: Class initialized using 'CodeIgniter\Session\Handlers\FileHandler' driver.
WARNING - 2024-11-17 13:17:08 --> [DEPRECATED] Creation of dynamic property App\Controllers\Admins\AdminsController::$db is deprecated in APPPATH\Controllers\Admins\AdminsController.php on line 17.
 1 SYSTEMPATH\CodeIgniter.php(894): App\Controllers\Admins\AdminsController->__construct()
 2 SYSTEMPATH\CodeIgniter.php(488): CodeIgniter\CodeIgniter->createController()
 3 SYSTEMPATH\CodeIgniter.php(356): CodeIgniter\CodeIgniter->handleRequest(null, Object(Config\Cache), false)
 4 FCPATH\index.php(79): CodeIgniter\CodeIgniter->run()
INFO - 2024-11-17 13:17:08 --> Session: Class initialized using 'CodeIgniter\Session\Handlers\FileHandler' driver.
INFO - 2024-11-17 13:17:08 --> Session: Class initialized using 'CodeIgniter\Session\Handlers\FileHandler' driver.
WARNING - 2024-11-17 13:17:29 --> [DEPRECATED] Creation of dynamic property App\Controllers\Admins\AdminsController::$db is deprecated in APPPATH\Controllers\Admins\AdminsController.php on line 17.
 1 SYSTEMPATH\CodeIgniter.php(894): App\Controllers\Admins\AdminsController->__construct()
 2 SYSTEMPATH\CodeIgniter.php(488): CodeIgniter\CodeIgniter->createController()
 3 SYSTEMPATH\CodeIgniter.php(356): CodeIgniter\CodeIgniter->handleRequest(null, Object(Config\Cache), false)
 4 FCPATH\index.php(79): CodeIgniter\CodeIgniter->run()
INFO - 2024-11-17 13:17:29 --> Session: Class initialized using 'CodeIgniter\Session\Handlers\FileHandler' driver.
WARNING - 2024-11-17 13:17:30 --> [DEPRECATED] Creation of dynamic property App\Controllers\Admins\AdminsController::$db is deprecated in APPPATH\Controllers\Admins\AdminsController.php on line 17.
 1 SYSTEMPATH\CodeIgniter.php(894): App\Controllers\Admins\AdminsController->__construct()
 2 SYSTEMPATH\CodeIgniter.php(488): CodeIgniter\CodeIgniter->createController()
 3 SYSTEMPATH\CodeIgniter.php(356): CodeIgniter\CodeIgniter->handleRequest(null, Object(Config\Cache), false)
 4 FCPATH\index.php(79): CodeIgniter\CodeIgniter->run()
INFO - 2024-11-17 13:17:30 --> Session: Class initialized using 'CodeIgniter\Session\Handlers\FileHandler' driver.
INFO - 2024-11-17 13:17:31 --> Session: Class initialized using 'CodeIgniter\Session\Handlers\FileHandler' driver.
WARNING - 2024-11-17 13:21:50 --> [DEPRECATED] Creation of dynamic property App\Controllers\Admins\AdminsController::$db is deprecated in APPPATH\Controllers\Admins\AdminsController.php on line 17.
 1 SYSTEMPATH\CodeIgniter.php(894): App\Controllers\Admins\AdminsController->__construct()
 2 SYSTEMPATH\CodeIgniter.php(488): CodeIgniter\CodeIgniter->createController()
 3 SYSTEMPATH\CodeIgniter.php(356): CodeIgniter\CodeIgniter->handleRequest(null, Object(Config\Cache), false)
 4 FCPATH\index.php(79): CodeIgniter\CodeIgniter->run()
INFO - 2024-11-17 13:21:50 --> Session: Class initialized using 'CodeIgniter\Session\Handlers\FileHandler' driver.
INFO - 2024-11-17 13:21:51 --> Session: Class initialized using 'CodeIgniter\Session\Handlers\FileHandler' driver.
WARNING - 2024-11-17 13:21:57 --> [DEPRECATED] Creation of dynamic property App\Controllers\Admins\AdminsController::$db is deprecated in APPPATH\Controllers\Admins\AdminsController.php on line 17.
 1 SYSTEMPATH\CodeIgniter.php(894): App\Controllers\Admins\AdminsController->__construct()
 2 SYSTEMPATH\CodeIgniter.php(488): CodeIgniter\CodeIgniter->createController()
 3 SYSTEMPATH\CodeIgniter.php(356): CodeIgniter\CodeIgniter->handleRequest(null, Object(Config\Cache), false)
 4 FCPATH\index.php(79): CodeIgniter\CodeIgniter->run()
INFO - 2024-11-17 13:21:57 --> Session: Class initialized using 'CodeIgniter\Session\Handlers\FileHandler' driver.
WARNING - 2024-11-17 13:21:57 --> [DEPRECATED] Creation of dynamic property App\Controllers\Admins\AdminsController::$db is deprecated in APPPATH\Controllers\Admins\AdminsController.php on line 17.
 1 SYSTEMPATH\CodeIgniter.php(894): App\Controllers\Admins\AdminsController->__construct()
 2 SYSTEMPATH\CodeIgniter.php(488): CodeIgniter\CodeIgniter->createController()
 3 SYSTEMPATH\CodeIgniter.php(356): CodeIgniter\CodeIgniter->handleRequest(null, Object(Config\Cache), false)
 4 FCPATH\index.php(79): CodeIgniter\CodeIgniter->run()
INFO - 2024-11-17 13:21:57 --> Session: Class initialized using 'CodeIgniter\Session\Handlers\FileHandler' driver.
INFO - 2024-11-17 13:21:58 --> Session: Class initialized using 'CodeIgniter\Session\Handlers\FileHandler' driver.
INFO - 2024-11-17 13:22:32 --> Session: Class initialized using 'CodeIgniter\Session\Handlers\FileHandler' driver.
WARNING - 2024-11-17 13:22:32 --> [DEPRECATED] Creation of dynamic property App\Controllers\Admins\AdminsController::$db is deprecated in APPPATH\Controllers\Admins\AdminsController.php on line 17.
 1 SYSTEMPATH\CodeIgniter.php(894): App\Controllers\Admins\AdminsController->__construct()
 2 SYSTEMPATH\CodeIgniter.php(488): CodeIgniter\CodeIgniter->createController()
 3 SYSTEMPATH\CodeIgniter.php(356): CodeIgniter\CodeIgniter->handleRequest(null, Object(Config\Cache), false)
 4 FCPATH\index.php(79): CodeIgniter\CodeIgniter->run()
INFO - 2024-11-17 13:22:33 --> Session: Class initialized using 'CodeIgniter\Session\Handlers\FileHandler' driver.
INFO - 2024-11-17 13:22:35 --> Session: Class initialized using 'CodeIgniter\Session\Handlers\FileHandler' driver.
WARNING - 2024-11-17 13:22:35 --> [DEPRECATED] Creation of dynamic property App\Controllers\Admins\AdminsController::$db is deprecated in APPPATH\Controllers\Admins\AdminsController.php on line 17.
 1 SYSTEMPATH\CodeIgniter.php(894): App\Controllers\Admins\AdminsController->__construct()
 2 SYSTEMPATH\CodeIgniter.php(488): CodeIgniter\CodeIgniter->createController()
 3 SYSTEMPATH\CodeIgniter.php(356): CodeIgniter\CodeIgniter->handleRequest(null, Object(Config\Cache), false)
 4 FCPATH\index.php(79): CodeIgniter\CodeIgniter->run()
INFO - 2024-11-17 13:22:35 --> Session: Class initialized using 'CodeIgniter\Session\Handlers\FileHandler' driver.
INFO - 2024-11-17 13:23:00 --> Session: Class initialized using 'CodeIgniter\Session\Handlers\FileHandler' driver.
WARNING - 2024-11-17 13:23:00 --> [DEPRECATED] Creation of dynamic property App\Controllers\Admins\AdminsController::$db is deprecated in APPPATH\Controllers\Admins\AdminsController.php on line 17.
 1 SYSTEMPATH\CodeIgniter.php(894): App\Controllers\Admins\AdminsController->__construct()
 2 SYSTEMPATH\CodeIgniter.php(488): CodeIgniter\CodeIgniter->createController()
 3 SYSTEMPATH\CodeIgniter.php(356): CodeIgniter\CodeIgniter->handleRequest(null, Object(Config\Cache), false)
 4 FCPATH\index.php(79): CodeIgniter\CodeIgniter->run()
INFO - 2024-11-17 13:23:01 --> Session: Class initialized using 'CodeIgniter\Session\Handlers\FileHandler' driver.
WARNING - 2024-11-17 13:23:01 --> [DEPRECATED] Creation of dynamic property App\Controllers\Admins\AdminsController::$db is deprecated in APPPATH\Controllers\Admins\AdminsController.php on line 17.
 1 SYSTEMPATH\CodeIgniter.php(894): App\Controllers\Admins\AdminsController->__construct()
 2 SYSTEMPATH\CodeIgniter.php(488): CodeIgniter\CodeIgniter->createController()
 3 SYSTEMPATH\CodeIgniter.php(356): CodeIgniter\CodeIgniter->handleRequest(null, Object(Config\Cache), false)
 4 FCPATH\index.php(79): CodeIgniter\CodeIgniter->run()
INFO - 2024-11-17 13:23:01 --> Session: Class initialized using 'CodeIgniter\Session\Handlers\FileHandler' driver.
INFO - 2024-11-17 13:23:12 --> Session: Class initialized using 'CodeIgniter\Session\Handlers\FileHandler' driver.
WARNING - 2024-11-17 13:23:12 --> [DEPRECATED] Creation of dynamic property App\Controllers\Admins\AdminsController::$db is deprecated in APPPATH\Controllers\Admins\AdminsController.php on line 17.
 1 SYSTEMPATH\CodeIgniter.php(894): App\Controllers\Admins\AdminsController->__construct()
 2 SYSTEMPATH\CodeIgniter.php(488): CodeIgniter\CodeIgniter->createController()
 3 SYSTEMPATH\CodeIgniter.php(356): CodeIgniter\CodeIgniter->handleRequest(null, Object(Config\Cache), false)
 4 FCPATH\index.php(79): CodeIgniter\CodeIgniter->run()
INFO - 2024-11-17 13:23:12 --> Session: Class initialized using 'CodeIgniter\Session\Handlers\FileHandler' driver.
INFO - 2024-11-17 13:23:14 --> Session: Class initialized using 'CodeIgniter\Session\Handlers\FileHandler' driver.
WARNING - 2024-11-17 13:23:14 --> [DEPRECATED] Creation of dynamic property App\Controllers\Admins\AdminsController::$db is deprecated in APPPATH\Controllers\Admins\AdminsController.php on line 17.
 1 SYSTEMPATH\CodeIgniter.php(894): App\Controllers\Admins\AdminsController->__construct()
 2 SYSTEMPATH\CodeIgniter.php(488): CodeIgniter\CodeIgniter->createController()
 3 SYSTEMPATH\CodeIgniter.php(356): CodeIgniter\CodeIgniter->handleRequest(null, Object(Config\Cache), false)
 4 FCPATH\index.php(79): CodeIgniter\CodeIgniter->run()
INFO - 2024-11-17 13:23:15 --> Session: Class initialized using 'CodeIgniter\Session\Handlers\FileHandler' driver.
INFO - 2024-11-17 13:23:16 --> Session: Class initialized using 'CodeIgniter\Session\Handlers\FileHandler' driver.
WARNING - 2024-11-17 13:23:16 --> [DEPRECATED] Creation of dynamic property App\Controllers\Admins\AdminsController::$db is deprecated in APPPATH\Controllers\Admins\AdminsController.php on line 17.
 1 SYSTEMPATH\CodeIgniter.php(894): App\Controllers\Admins\AdminsController->__construct()
 2 SYSTEMPATH\CodeIgniter.php(488): CodeIgniter\CodeIgniter->createController()
 3 SYSTEMPATH\CodeIgniter.php(356): CodeIgniter\CodeIgniter->handleRequest(null, Object(Config\Cache), false)
 4 FCPATH\index.php(79): CodeIgniter\CodeIgniter->run()
INFO - 2024-11-17 13:23:17 --> Session: Class initialized using 'CodeIgniter\Session\Handlers\FileHandler' driver.
WARNING - 2024-11-17 13:23:57 --> [DEPRECATED] Creation of dynamic property App\Controllers\Admins\AdminsController::$db is deprecated in APPPATH\Controllers\Admins\AdminsController.php on line 17.
 1 SYSTEMPATH\CodeIgniter.php(894): App\Controllers\Admins\AdminsController->__construct()
 2 SYSTEMPATH\CodeIgniter.php(488): CodeIgniter\CodeIgniter->createController()
 3 SYSTEMPATH\CodeIgniter.php(356): CodeIgniter\CodeIgniter->handleRequest(null, Object(Config\Cache), false)
 4 FCPATH\index.php(79): CodeIgniter\CodeIgniter->run()
INFO - 2024-11-17 13:23:57 --> Session: Class initialized using 'CodeIgniter\Session\Handlers\FileHandler' driver.
INFO - 2024-11-17 13:23:57 --> Session: Class initialized using 'CodeIgniter\Session\Handlers\FileHandler' driver.
WARNING - 2024-11-17 13:24:12 --> [DEPRECATED] Creation of dynamic property App\Controllers\Admins\AdminsController::$db is deprecated in APPPATH\Controllers\Admins\AdminsController.php on line 17.
 1 SYSTEMPATH\CodeIgniter.php(894): App\Controllers\Admins\AdminsController->__construct()
 2 SYSTEMPATH\CodeIgniter.php(488): CodeIgniter\CodeIgniter->createController()
 3 SYSTEMPATH\CodeIgniter.php(356): CodeIgniter\CodeIgniter->handleRequest(null, Object(Config\Cache), false)
 4 FCPATH\index.php(79): CodeIgniter\CodeIgniter->run()
INFO - 2024-11-17 13:24:12 --> Session: Class initialized using 'CodeIgniter\Session\Handlers\FileHandler' driver.
WARNING - 2024-11-17 13:24:13 --> [DEPRECATED] Creation of dynamic property App\Controllers\Admins\AdminsController::$db is deprecated in APPPATH\Controllers\Admins\AdminsController.php on line 17.
 1 SYSTEMPATH\CodeIgniter.php(894): App\Controllers\Admins\AdminsController->__construct()
 2 SYSTEMPATH\CodeIgniter.php(488): CodeIgniter\CodeIgniter->createController()
 3 SYSTEMPATH\CodeIgniter.php(356): CodeIgniter\CodeIgniter->handleRequest(null, Object(Config\Cache), false)
 4 FCPATH\index.php(79): CodeIgniter\CodeIgniter->run()
INFO - 2024-11-17 13:24:13 --> Session: Class initialized using 'CodeIgniter\Session\Handlers\FileHandler' driver.
INFO - 2024-11-17 13:24:14 --> Session: Class initialized using 'CodeIgniter\Session\Handlers\FileHandler' driver.
WARNING - 2024-11-17 13:24:43 --> [DEPRECATED] Creation of dynamic property App\Controllers\Admins\AdminsController::$db is deprecated in APPPATH\Controllers\Admins\AdminsController.php on line 17.
 1 SYSTEMPATH\CodeIgniter.php(894): App\Controllers\Admins\AdminsController->__construct()
 2 SYSTEMPATH\CodeIgniter.php(488): CodeIgniter\CodeIgniter->createController()
 3 SYSTEMPATH\CodeIgniter.php(356): CodeIgniter\CodeIgniter->handleRequest(null, Object(Config\Cache), false)
 4 FCPATH\index.php(79): CodeIgniter\CodeIgniter->run()
INFO - 2024-11-17 13:24:43 --> Session: Class initialized using 'CodeIgniter\Session\Handlers\FileHandler' driver.
WARNING - 2024-11-17 13:24:44 --> [DEPRECATED] Creation of dynamic property App\Controllers\Admins\AdminsController::$db is deprecated in APPPATH\Controllers\Admins\AdminsController.php on line 17.
 1 SYSTEMPATH\CodeIgniter.php(894): App\Controllers\Admins\AdminsController->__construct()
 2 SYSTEMPATH\CodeIgniter.php(488): CodeIgniter\CodeIgniter->createController()
 3 SYSTEMPATH\CodeIgniter.php(356): CodeIgniter\CodeIgniter->handleRequest(null, Object(Config\Cache), false)
 4 FCPATH\index.php(79): CodeIgniter\CodeIgniter->run()
INFO - 2024-11-17 13:24:44 --> Session: Class initialized using 'CodeIgniter\Session\Handlers\FileHandler' driver.
INFO - 2024-11-17 13:24:45 --> Session: Class initialized using 'CodeIgniter\Session\Handlers\FileHandler' driver.
WARNING - 2024-11-17 13:25:02 --> [DEPRECATED] Creation of dynamic property App\Controllers\Admins\AdminsController::$db is deprecated in APPPATH\Controllers\Admins\AdminsController.php on line 17.
 1 SYSTEMPATH\CodeIgniter.php(894): App\Controllers\Admins\AdminsController->__construct()
 2 SYSTEMPATH\CodeIgniter.php(488): CodeIgniter\CodeIgniter->createController()
 3 SYSTEMPATH\CodeIgniter.php(356): CodeIgniter\CodeIgniter->handleRequest(null, Object(Config\Cache), false)
 4 FCPATH\index.php(79): CodeIgniter\CodeIgniter->run()
INFO - 2024-11-17 13:25:02 --> Session: Class initialized using 'CodeIgniter\Session\Handlers\FileHandler' driver.
WARNING - 2024-11-17 13:25:02 --> [DEPRECATED] Creation of dynamic property App\Controllers\Admins\AdminsController::$db is deprecated in APPPATH\Controllers\Admins\AdminsController.php on line 17.
 1 SYSTEMPATH\CodeIgniter.php(894): App\Controllers\Admins\AdminsController->__construct()
 2 SYSTEMPATH\CodeIgniter.php(488): CodeIgniter\CodeIgniter->createController()
 3 SYSTEMPATH\CodeIgniter.php(356): CodeIgniter\CodeIgniter->handleRequest(null, Object(Config\Cache), false)
 4 FCPATH\index.php(79): CodeIgniter\CodeIgniter->run()
INFO - 2024-11-17 13:25:02 --> Session: Class initialized using 'CodeIgniter\Session\Handlers\FileHandler' driver.
INFO - 2024-11-17 13:25:03 --> Session: Class initialized using 'CodeIgniter\Session\Handlers\FileHandler' driver.
WARNING - 2024-11-17 13:25:17 --> [DEPRECATED] Creation of dynamic property App\Controllers\Admins\AdminsController::$db is deprecated in APPPATH\Controllers\Admins\AdminsController.php on line 17.
 1 SYSTEMPATH\CodeIgniter.php(894): App\Controllers\Admins\AdminsController->__construct()
 2 SYSTEMPATH\CodeIgniter.php(488): CodeIgniter\CodeIgniter->createController()
 3 SYSTEMPATH\CodeIgniter.php(356): CodeIgniter\CodeIgniter->handleRequest(null, Object(Config\Cache), false)
 4 FCPATH\index.php(79): CodeIgniter\CodeIgniter->run()
INFO - 2024-11-17 13:25:17 --> Session: Class initialized using 'CodeIgniter\Session\Handlers\FileHandler' driver.
WARNING - 2024-11-17 13:25:17 --> [DEPRECATED] Creation of dynamic property App\Controllers\Admins\AdminsController::$db is deprecated in APPPATH\Controllers\Admins\AdminsController.php on line 17.
 1 SYSTEMPATH\CodeIgniter.php(894): App\Controllers\Admins\AdminsController->__construct()
 2 SYSTEMPATH\CodeIgniter.php(488): CodeIgniter\CodeIgniter->createController()
 3 SYSTEMPATH\CodeIgniter.php(356): CodeIgniter\CodeIgniter->handleRequest(null, Object(Config\Cache), false)
 4 FCPATH\index.php(79): CodeIgniter\CodeIgniter->run()
INFO - 2024-11-17 13:25:17 --> Session: Class initialized using 'CodeIgniter\Session\Handlers\FileHandler' driver.
INFO - 2024-11-17 13:25:18 --> Session: Class initialized using 'CodeIgniter\Session\Handlers\FileHandler' driver.
WARNING - 2024-11-17 13:25:50 --> [DEPRECATED] Creation of dynamic property App\Controllers\Admins\AdminsController::$db is deprecated in APPPATH\Controllers\Admins\AdminsController.php on line 17.
 1 SYSTEMPATH\CodeIgniter.php(894): App\Controllers\Admins\AdminsController->__construct()
 2 SYSTEMPATH\CodeIgniter.php(488): CodeIgniter\CodeIgniter->createController()
 3 SYSTEMPATH\CodeIgniter.php(356): CodeIgniter\CodeIgniter->handleRequest(null, Object(Config\Cache), false)
 4 FCPATH\index.php(79): CodeIgniter\CodeIgniter->run()
INFO - 2024-11-17 13:25:51 --> Session: Class initialized using 'CodeIgniter\Session\Handlers\FileHandler' driver.
WARNING - 2024-11-17 13:25:51 --> [DEPRECATED] Creation of dynamic property App\Controllers\Admins\AdminsController::$db is deprecated in APPPATH\Controllers\Admins\AdminsController.php on line 17.
 1 SYSTEMPATH\CodeIgniter.php(894): App\Controllers\Admins\AdminsController->__construct()
 2 SYSTEMPATH\CodeIgniter.php(488): CodeIgniter\CodeIgniter->createController()
 3 SYSTEMPATH\CodeIgniter.php(356): CodeIgniter\CodeIgniter->handleRequest(null, Object(Config\Cache), false)
 4 FCPATH\index.php(79): CodeIgniter\CodeIgniter->run()
INFO - 2024-11-17 13:25:51 --> Session: Class initialized using 'CodeIgniter\Session\Handlers\FileHandler' driver.
INFO - 2024-11-17 13:25:52 --> Session: Class initialized using 'CodeIgniter\Session\Handlers\FileHandler' driver.
INFO - 2024-11-17 13:25:54 --> Session: Class initialized using 'CodeIgniter\Session\Handlers\FileHandler' driver.
WARNING - 2024-11-17 13:25:54 --> [DEPRECATED] Creation of dynamic property App\Controllers\Admins\AdminsController::$db is deprecated in APPPATH\Controllers\Admins\AdminsController.php on line 17.
 1 SYSTEMPATH\CodeIgniter.php(894): App\Controllers\Admins\AdminsController->__construct()
 2 SYSTEMPATH\CodeIgniter.php(488): CodeIgniter\CodeIgniter->createController()
 3 SYSTEMPATH\CodeIgniter.php(356): CodeIgniter\CodeIgniter->handleRequest(null, Object(Config\Cache), false)
 4 FCPATH\index.php(79): CodeIgniter\CodeIgniter->run()
INFO - 2024-11-17 13:25:55 --> Session: Class initialized using 'CodeIgniter\Session\Handlers\FileHandler' driver.
WARNING - 2024-11-17 13:29:36 --> [DEPRECATED] Creation of dynamic property App\Controllers\Admins\AdminsController::$db is deprecated in APPPATH\Controllers\Admins\AdminsController.php on line 17.
 1 SYSTEMPATH\CodeIgniter.php(894): App\Controllers\Admins\AdminsController->__construct()
 2 SYSTEMPATH\CodeIgniter.php(488): CodeIgniter\CodeIgniter->createController()
 3 SYSTEMPATH\CodeIgniter.php(356): CodeIgniter\CodeIgniter->handleRequest(null, Object(Config\Cache), false)
 4 FCPATH\index.php(79): CodeIgniter\CodeIgniter->run()
INFO - 2024-11-17 13:29:36 --> Session: Class initialized using 'CodeIgniter\Session\Handlers\FileHandler' driver.
INFO - 2024-11-17 13:29:37 --> Session: Class initialized using 'CodeIgniter\Session\Handlers\FileHandler' driver.
INFO - 2024-11-17 13:29:45 --> Session: Class initialized using 'CodeIgniter\Session\Handlers\FileHandler' driver.
WARNING - 2024-11-17 13:29:45 --> [DEPRECATED] Creation of dynamic property App\Controllers\Admins\AdminsController::$db is deprecated in APPPATH\Controllers\Admins\AdminsController.php on line 17.
 1 SYSTEMPATH\CodeIgniter.php(894): App\Controllers\Admins\AdminsController->__construct()
 2 SYSTEMPATH\CodeIgniter.php(488): CodeIgniter\CodeIgniter->createController()
 3 SYSTEMPATH\CodeIgniter.php(356): CodeIgniter\CodeIgniter->handleRequest(null, Object(Config\Cache), false)
 4 FCPATH\index.php(79): CodeIgniter\CodeIgniter->run()
INFO - 2024-11-17 13:29:45 --> Session: Class initialized using 'CodeIgniter\Session\Handlers\FileHandler' driver.
INFO - 2024-11-17 13:29:47 --> Session: Class initialized using 'CodeIgniter\Session\Handlers\FileHandler' driver.
WARNING - 2024-11-17 13:29:47 --> [DEPRECATED] Creation of dynamic property App\Controllers\Admins\AdminsController::$db is deprecated in APPPATH\Controllers\Admins\AdminsController.php on line 17.
 1 SYSTEMPATH\CodeIgniter.php(894): App\Controllers\Admins\AdminsController->__construct()
 2 SYSTEMPATH\CodeIgniter.php(488): CodeIgniter\CodeIgniter->createController()
 3 SYSTEMPATH\CodeIgniter.php(356): CodeIgniter\CodeIgniter->handleRequest(null, Object(Config\Cache), false)
 4 FCPATH\index.php(79): CodeIgniter\CodeIgniter->run()
INFO - 2024-11-17 13:29:48 --> Session: Class initialized using 'CodeIgniter\Session\Handlers\FileHandler' driver.
INFO - 2024-11-17 13:29:53 --> Session: Class initialized using 'CodeIgniter\Session\Handlers\FileHandler' driver.
WARNING - 2024-11-17 13:29:53 --> [DEPRECATED] Creation of dynamic property App\Controllers\Admins\AdminsController::$db is deprecated in APPPATH\Controllers\Admins\AdminsController.php on line 17.
 1 SYSTEMPATH\CodeIgniter.php(894): App\Controllers\Admins\AdminsController->__construct()
 2 SYSTEMPATH\CodeIgniter.php(488): CodeIgniter\CodeIgniter->createController()
 3 SYSTEMPATH\CodeIgniter.php(356): CodeIgniter\CodeIgniter->handleRequest(null, Object(Config\Cache), false)
 4 FCPATH\index.php(79): CodeIgniter\CodeIgniter->run()
INFO - 2024-11-17 13:29:54 --> Session: Class initialized using 'CodeIgniter\Session\Handlers\FileHandler' driver.
INFO - 2024-11-17 13:29:57 --> Session: Class initialized using 'CodeIgniter\Session\Handlers\FileHandler' driver.
WARNING - 2024-11-17 13:29:57 --> [DEPRECATED] Creation of dynamic property App\Controllers\Admins\AdminsController::$db is deprecated in APPPATH\Controllers\Admins\AdminsController.php on line 17.
 1 SYSTEMPATH\CodeIgniter.php(894): App\Controllers\Admins\AdminsController->__construct()
 2 SYSTEMPATH\CodeIgniter.php(488): CodeIgniter\CodeIgniter->createController()
 3 SYSTEMPATH\CodeIgniter.php(356): CodeIgniter\CodeIgniter->handleRequest(null, Object(Config\Cache), false)
 4 FCPATH\index.php(79): CodeIgniter\CodeIgniter->run()
INFO - 2024-11-17 13:29:58 --> Session: Class initialized using 'CodeIgniter\Session\Handlers\FileHandler' driver.
INFO - 2024-11-17 13:29:58 --> Session: Class initialized using 'CodeIgniter\Session\Handlers\FileHandler' driver.
WARNING - 2024-11-17 13:29:58 --> [DEPRECATED] Creation of dynamic property App\Controllers\Admins\AdminsController::$db is deprecated in APPPATH\Controllers\Admins\AdminsController.php on line 17.
 1 SYSTEMPATH\CodeIgniter.php(894): App\Controllers\Admins\AdminsController->__construct()
 2 SYSTEMPATH\CodeIgniter.php(488): CodeIgniter\CodeIgniter->createController()
 3 SYSTEMPATH\CodeIgniter.php(356): CodeIgniter\CodeIgniter->handleRequest(null, Object(Config\Cache), false)
 4 FCPATH\index.php(79): CodeIgniter\CodeIgniter->run()
INFO - 2024-11-17 13:29:59 --> Session: Class initialized using 'CodeIgniter\Session\Handlers\FileHandler' driver.
INFO - 2024-11-17 13:30:07 --> Session: Class initialized using 'CodeIgniter\Session\Handlers\FileHandler' driver.
WARNING - 2024-11-17 13:30:07 --> [DEPRECATED] Creation of dynamic property App\Controllers\Admins\AdminsController::$db is deprecated in APPPATH\Controllers\Admins\AdminsController.php on line 17.
 1 SYSTEMPATH\CodeIgniter.php(894): App\Controllers\Admins\AdminsController->__construct()
 2 SYSTEMPATH\CodeIgniter.php(488): CodeIgniter\CodeIgniter->createController()
 3 SYSTEMPATH\CodeIgniter.php(356): CodeIgniter\CodeIgniter->handleRequest(null, Object(Config\Cache), false)
 4 FCPATH\index.php(79): CodeIgniter\CodeIgniter->run()
INFO - 2024-11-17 13:30:08 --> Session: Class initialized using 'CodeIgniter\Session\Handlers\FileHandler' driver.
INFO - 2024-11-17 13:30:11 --> Session: Class initialized using 'CodeIgniter\Session\Handlers\FileHandler' driver.
WARNING - 2024-11-17 13:30:11 --> [DEPRECATED] Creation of dynamic property App\Controllers\Admins\AdminsController::$db is deprecated in APPPATH\Controllers\Admins\AdminsController.php on line 17.
 1 SYSTEMPATH\CodeIgniter.php(894): App\Controllers\Admins\AdminsController->__construct()
 2 SYSTEMPATH\CodeIgniter.php(488): CodeIgniter\CodeIgniter->createController()
 3 SYSTEMPATH\CodeIgniter.php(356): CodeIgniter\CodeIgniter->handleRequest(null, Object(Config\Cache), false)
 4 FCPATH\index.php(79): CodeIgniter\CodeIgniter->run()
INFO - 2024-11-17 13:30:12 --> Session: Class initialized using 'CodeIgniter\Session\Handlers\FileHandler' driver.
INFO - 2024-11-17 13:31:06 --> Session: Class initialized using 'CodeIgniter\Session\Handlers\FileHandler' driver.
WARNING - 2024-11-17 13:31:06 --> [DEPRECATED] Creation of dynamic property App\Controllers\Admins\AdminsController::$db is deprecated in APPPATH\Controllers\Admins\AdminsController.php on line 17.
 1 SYSTEMPATH\CodeIgniter.php(894): App\Controllers\Admins\AdminsController->__construct()
 2 SYSTEMPATH\CodeIgniter.php(488): CodeIgniter\CodeIgniter->createController()
 3 SYSTEMPATH\CodeIgniter.php(356): CodeIgniter\CodeIgniter->handleRequest(null, Object(Config\Cache), false)
 4 FCPATH\index.php(79): CodeIgniter\CodeIgniter->run()
INFO - 2024-11-17 13:31:07 --> Session: Class initialized using 'CodeIgniter\Session\Handlers\FileHandler' driver.
INFO - 2024-11-17 13:31:07 --> Session: Class initialized using 'CodeIgniter\Session\Handlers\FileHandler' driver.
WARNING - 2024-11-17 13:31:07 --> [DEPRECATED] Creation of dynamic property App\Controllers\Admins\AdminsController::$db is deprecated in APPPATH\Controllers\Admins\AdminsController.php on line 17.
 1 SYSTEMPATH\CodeIgniter.php(894): App\Controllers\Admins\AdminsController->__construct()
 2 SYSTEMPATH\CodeIgniter.php(488): CodeIgniter\CodeIgniter->createController()
 3 SYSTEMPATH\CodeIgniter.php(356): CodeIgniter\CodeIgniter->handleRequest(null, Object(Config\Cache), false)
 4 FCPATH\index.php(79): CodeIgniter\CodeIgniter->run()
INFO - 2024-11-17 13:31:08 --> Session: Class initialized using 'CodeIgniter\Session\Handlers\FileHandler' driver.
INFO - 2024-11-17 13:31:08 --> Session: Class initialized using 'CodeIgniter\Session\Handlers\FileHandler' driver.
WARNING - 2024-11-17 13:31:08 --> [DEPRECATED] Creation of dynamic property App\Controllers\Admins\AdminsController::$db is deprecated in APPPATH\Controllers\Admins\AdminsController.php on line 17.
 1 SYSTEMPATH\CodeIgniter.php(894): App\Controllers\Admins\AdminsController->__construct()
 2 SYSTEMPATH\CodeIgniter.php(488): CodeIgniter\CodeIgniter->createController()
 3 SYSTEMPATH\CodeIgniter.php(356): CodeIgniter\CodeIgniter->handleRequest(null, Object(Config\Cache), false)
 4 FCPATH\index.php(79): CodeIgniter\CodeIgniter->run()
INFO - 2024-11-17 13:31:09 --> Session: Class initialized using 'CodeIgniter\Session\Handlers\FileHandler' driver.
INFO - 2024-11-17 13:31:11 --> Session: Class initialized using 'CodeIgniter\Session\Handlers\FileHandler' driver.
WARNING - 2024-11-17 13:31:11 --> [DEPRECATED] Creation of dynamic property App\Controllers\Admins\AdminsController::$db is deprecated in APPPATH\Controllers\Admins\AdminsController.php on line 17.
 1 SYSTEMPATH\CodeIgniter.php(894): App\Controllers\Admins\AdminsController->__construct()
 2 SYSTEMPATH\CodeIgniter.php(488): CodeIgniter\CodeIgniter->createController()
 3 SYSTEMPATH\CodeIgniter.php(356): CodeIgniter\CodeIgniter->handleRequest(null, Object(Config\Cache), false)
 4 FCPATH\index.php(79): CodeIgniter\CodeIgniter->run()
INFO - 2024-11-17 13:31:11 --> Session: Class initialized using 'CodeIgniter\Session\Handlers\FileHandler' driver.
INFO - 2024-11-17 13:31:12 --> Session: Class initialized using 'CodeIgniter\Session\Handlers\FileHandler' driver.
WARNING - 2024-11-17 13:31:12 --> [DEPRECATED] Creation of dynamic property App\Controllers\Admins\AdminsController::$db is deprecated in APPPATH\Controllers\Admins\AdminsController.php on line 17.
 1 SYSTEMPATH\CodeIgniter.php(894): App\Controllers\Admins\AdminsController->__construct()
 2 SYSTEMPATH\CodeIgniter.php(488): CodeIgniter\CodeIgniter->createController()
 3 SYSTEMPATH\CodeIgniter.php(356): CodeIgniter\CodeIgniter->handleRequest(null, Object(Config\Cache), false)
 4 FCPATH\index.php(79): CodeIgniter\CodeIgniter->run()
INFO - 2024-11-17 13:31:13 --> Session: Class initialized using 'CodeIgniter\Session\Handlers\FileHandler' driver.
